[ 2016-08-13T11:16:17+08:00 ] ::1 /learngit/Public/Common/Highcharts/highcharts-theme.js
INFO: [ app_init ] --START--
INFO: Run Behavior\BuildLiteBehavior [ RunTime:0.000010s ]
INFO: [ app_init ] --END-- [ RunTime:0.000423s ]
INFO: [ app_begin ] --START--
INFO: Run Behavior\ReadHtmlCacheBehavior [ RunTime:0.000876s ]
INFO: [ app_begin ] --END-- [ RunTime:0.000918s ]
ERR: 无法加载控制器:Common

[ 2016-08-13T11:16:17+08:00 ] ::1 /learngit/Public/Common/Highcharts/highcharts.js
INFO: [ app_init ] --START--
INFO: Run Behavior\BuildLiteBehavior [ RunTime:0.000010s ]
INFO: [ app_init ] --END-- [ RunTime:0.000432s ]
INFO: [ app_begin ] --START--
INFO: Run Behavior\ReadHtmlCacheBehavior [ RunTime:0.000841s ]
INFO: [ app_begin ] --END-- [ RunTime:0.000882s ]
ERR: 无法加载控制器:Common

[ 2016-08-13T11:16:17+08:00 ] ::1 /learngit/Public/Common/DatePicker/lhgcalendar.js
INFO: [ app_init ] --START--
INFO: Run Behavior\BuildLiteBehavior [ RunTime:0.000014s ]
INFO: [ app_init ] --END-- [ RunTime:0.000578s ]
INFO: [ app_begin ] --START--
INFO: Run Behavior\ReadHtmlCacheBehavior [ RunTime:0.000951s ]
INFO: [ app_begin ] --END-- [ RunTime:0.000989s ]
ERR: 无法加载控制器:Common

[ 2016-08-13T11:16:17+08:00 ] ::1 /learngit/Public/Common/DatePicker/lhgcore.js
INFO: [ app_init ] --START--
INFO: Run Behavior\BuildLiteBehavior [ RunTime:0.000016s ]
INFO: [ app_init ] --END-- [ RunTime:0.000557s ]
INFO: [ app_begin ] --START--
INFO: Run Behavior\ReadHtmlCacheBehavior [ RunTime:0.000939s ]
INFO: [ app_begin ] --END-- [ RunTime:0.000986s ]
ERR: 无法加载控制器:Common

[ 2016-08-13T11:16:17+08:00 ] ::1 /learngit/Public/Common/Highcharts/exporting.js
INFO: [ app_init ] --START--
INFO: Run Behavior\BuildLiteBehavior [ RunTime:0.000012s ]
INFO: [ app_init ] --END-- [ RunTime:0.000738s ]
INFO: [ app_begin ] --START--
INFO: Run Behavior\ReadHtmlCacheBehavior [ RunTime:0.000915s ]
INFO: [ app_begin ] --END-- [ RunTime:0.000960s ]
ERR: 无法加载控制器:Common

[ 2016-08-13T11:40:37+08:00 ] ::1 /learngit/Public/Common/Highcharts/highcharts.js
INFO: [ app_init ] --START--
INFO: Run Behavior\BuildLiteBehavior [ RunTime:0.000011s ]
INFO: [ app_init ] --END-- [ RunTime:0.000418s ]
INFO: [ app_begin ] --START--
INFO: Run Behavior\ReadHtmlCacheBehavior [ RunTime:0.000852s ]
INFO: [ app_begin ] --END-- [ RunTime:0.000891s ]
ERR: 无法加载控制器:Common

[ 2016-08-13T11:40:37+08:00 ] ::1 /learngit/Public/Common/DatePicker/lhgcalendar.js
INFO: [ app_init ] --START--
INFO: Run Behavior\BuildLiteBehavior [ RunTime:0.000019s ]
INFO: [ app_init ] --END-- [ RunTime:0.000472s ]
INFO: [ app_begin ] --START--
INFO: Run Behavior\ReadHtmlCacheBehavior [ RunTime:0.000920s ]
INFO: [ app_begin ] --END-- [ RunTime:0.000985s ]
ERR: 无法加载控制器:Common

[ 2016-08-13T11:40:37+08:00 ] ::1 /learngit/Public/Common/Highcharts/highcharts-theme.js
INFO: [ app_init ] --START--
INFO: Run Behavior\BuildLiteBehavior [ RunTime:0.000012s ]
INFO: [ app_init ] --END-- [ RunTime:0.001559s ]
INFO: [ app_begin ] --START--
INFO: Run Behavior\ReadHtmlCacheBehavior [ RunTime:0.001064s ]
INFO: [ app_begin ] --END-- [ RunTime:0.001111s ]
ERR: 无法加载控制器:Common

[ 2016-08-13T11:40:37+08:00 ] ::1 /learngit/Public/Common/Highcharts/exporting.js
INFO: [ app_init ] --START--
INFO: Run Behavior\BuildLiteBehavior [ RunTime:0.000013s ]
INFO: [ app_init ] --END-- [ RunTime:0.000582s ]
INFO: [ app_begin ] --START--
INFO: Run Behavior\ReadHtmlCacheBehavior [ RunTime:0.001814s ]
INFO: [ app_begin ] --END-- [ RunTime:0.001901s ]
ERR: 无法加载控制器:Common

[ 2016-08-13T11:40:37+08:00 ] ::1 /learngit/Public/Common/DatePicker/lhgcore.js
INFO: [ app_init ] --START--
INFO: Run Behavior\BuildLiteBehavior [ RunTime:0.000027s ]
INFO: [ app_init ] --END-- [ RunTime:0.000961s ]
INFO: [ app_begin ] --START--
INFO: Run Behavior\ReadHtmlCacheBehavior [ RunTime:0.000925s ]
INFO: [ app_begin ] --END-- [ RunTime:0.001033s ]
ERR: 无法加载控制器:Common

[ 2016-08-13T11:40:38+08:00 ] ::1 /learngit/Public/Common/DatePicker/lhgcore.js
INFO: [ app_init ] --START--
INFO: Run Behavior\BuildLiteBehavior [ RunTime:0.000012s ]
INFO: [ app_init ] --END-- [ RunTime:0.000460s ]
INFO: [ app_begin ] --START--
INFO: Run Behavior\ReadHtmlCacheBehavior [ RunTime:0.000836s ]
INFO: [ app_begin ] --END-- [ RunTime:0.000878s ]
ERR: 无法加载控制器:Common

[ 2016-08-13T11:40:38+08:00 ] ::1 /learngit/Public/Common/Highcharts/exporting.js
INFO: [ app_init ] --START--
INFO: Run Behavior\BuildLiteBehavior [ RunTime:0.000011s ]
INFO: [ app_init ] --END-- [ RunTime:0.000521s ]
INFO: [ app_begin ] --START--
INFO: Run Behavior\ReadHtmlCacheBehavior [ RunTime:0.000806s ]
INFO: [ app_begin ] --END-- [ RunTime:0.000846s ]
ERR: 无法加载控制器:Common

[ 2016-08-13T11:40:38+08:00 ] ::1 /learngit/Public/Common/DatePicker/lhgcalendar.js
INFO: [ app_init ] --START--
INFO: Run Behavior\BuildLiteBehavior [ RunTime:0.000011s ]
INFO: [ app_init ] --END-- [ RunTime:0.000420s ]
INFO: [ app_begin ] --START--
INFO: Run Behavior\ReadHtmlCacheBehavior [ RunTime:0.000847s ]
INFO: [ app_begin ] --END-- [ RunTime:0.000889s ]
ERR: 无法加载控制器:Common

[ 2016-08-13T11:40:38+08:00 ] ::1 /learngit/Public/Common/Highcharts/highcharts.js
INFO: [ app_init ] --START--
INFO: Run Behavior\BuildLiteBehavior [ RunTime:0.000010s ]
INFO: [ app_init ] --END-- [ RunTime:0.000496s ]
INFO: [ app_begin ] --START--
INFO: Run Behavior\ReadHtmlCacheBehavior [ RunTime:0.000855s ]
INFO: [ app_begin ] --END-- [ RunTime:0.000902s ]
ERR: 无法加载控制器:Common

[ 2016-08-13T11:40:38+08:00 ] ::1 /learngit/Public/Common/Highcharts/highcharts-theme.js
INFO: [ app_init ] --START--
INFO: Run Behavior\BuildLiteBehavior [ RunTime:0.000014s ]
INFO: [ app_init ] --END-- [ RunTime:0.000817s ]
INFO: [ app_begin ] --START--
INFO: Run Behavior\ReadHtmlCacheBehavior [ RunTime:0.001136s ]
INFO: [ app_begin ] --END-- [ RunTime:0.001343s ]
ERR: 无法加载控制器:Common

