[ 2016-08-10T09:43:44+08:00 ] ::1 /happy/main.html
INFO: [ app_init ] --START--
INFO: Run Behavior\BuildLiteBehavior [ RunTime:0.000011s ]
INFO: [ app_init ] --END-- [ RunTime:0.000409s ]
ERR: 无法加载模块:Main

[ 2016-08-10T09:43:51+08:00 ] ::1 /happy/main.html
INFO: [ app_init ] --START--
INFO: Run Behavior\BuildLiteBehavior [ RunTime:0.000009s ]
INFO: [ app_init ] --END-- [ RunTime:0.000367s ]
ERR: 无法加载模块:Main

[ 2016-08-10T09:47:49+08:00 ] ::1 /happy/Application/Public/Admin/js/jquery.min.map
INFO: [ app_init ] --START--
INFO: Run Behavior\BuildLiteBehavior [ RunTime:0.000010s ]
INFO: [ app_init ] --END-- [ RunTime:0.000403s ]
ERR: 无法加载模块:Application

[ 2016-08-10T09:54:35+08:00 ] ::1 /happy/Application/Public/Admin/js/jquery.min.map
INFO: [ app_init ] --START--
INFO: Run Behavior\BuildLiteBehavior [ RunTime:0.000012s ]
INFO: [ app_init ] --END-- [ RunTime:0.000403s ]
ERR: 无法加载模块:Application

[ 2016-08-10T09:56:44+08:00 ] ::1 /happy/Application/Public/Admin/js/jquery.min.map
INFO: [ app_init ] --START--
INFO: Run Behavior\BuildLiteBehavior [ RunTime:0.000016s ]
INFO: [ app_init ] --END-- [ RunTime:0.000498s ]
ERR: 无法加载模块:Application

[ 2016-08-10T09:56:45+08:00 ] ::1 /happy/Application/Public/Admin/js/jquery.min.map
INFO: [ app_init ] --START--
INFO: Run Behavior\BuildLiteBehavior [ RunTime:0.000030s ]
INFO: [ app_init ] --END-- [ RunTime:0.000538s ]
ERR: 无法加载模块:Application

[ 2016-08-10T09:56:49+08:00 ] ::1 /happy/Application/Public/Admin/js/jquery.min.map
INFO: [ app_init ] --START--
INFO: Run Behavior\BuildLiteBehavior [ RunTime:0.000015s ]
INFO: [ app_init ] --END-- [ RunTime:0.000404s ]
ERR: 无法加载模块:Application

[ 2016-08-10T09:57:20+08:00 ] ::1 /happy/Application/Public/Admin/js/jquery.min.map
INFO: [ app_init ] --START--
INFO: Run Behavior\BuildLiteBehavior [ RunTime:0.000013s ]
INFO: [ app_init ] --END-- [ RunTime:0.000476s ]
ERR: 无法加载模块:Application

[ 2016-08-10T09:59:18+08:00 ] ::1 /happy/Application/Public/Admin/js/jquery.min.map
INFO: [ app_init ] --START--
INFO: Run Behavior\BuildLiteBehavior [ RunTime:0.000012s ]
INFO: [ app_init ] --END-- [ RunTime:0.000460s ]
ERR: 无法加载模块:Application

[ 2016-08-10T09:59:19+08:00 ] ::1 /happy/Application/Public/Admin/js/jquery.min.map
INFO: [ app_init ] --START--
INFO: Run Behavior\BuildLiteBehavior [ RunTime:0.000012s ]
INFO: [ app_init ] --END-- [ RunTime:0.000491s ]
ERR: 无法加载模块:Application

[ 2016-08-10T10:04:58+08:00 ] ::1 /happy/%E4%BF%A1%E6%81%AF%E7%AE%A1%E7%90%86/article_manage.html
INFO: [ app_init ] --START--
INFO: Run Behavior\BuildLiteBehavior [ RunTime:0.000010s ]
INFO: [ app_init ] --END-- [ RunTime:0.000373s ]
ERR: 无法加载模块:信息管理

[ 2016-08-10T10:05:01+08:00 ] ::1 /happy/%E7%B3%BB%E7%BB%9F%E7%AE%A1%E7%90%86/config.html
INFO: [ app_init ] --START--
INFO: Run Behavior\BuildLiteBehavior [ RunTime:0.000009s ]
INFO: [ app_init ] --END-- [ RunTime:0.000330s ]
ERR: 无法加载模块:系统管理

[ 2016-08-10T10:17:53+08:00 ] ::1 //happy/%E7%B3%BB%E7%BB%9F%E7%AE%A1%E7%90%86/admin_music.html
INFO: [ app_init ] --START--
INFO: Run Behavior\BuildLiteBehavior [ RunTime:0.000011s ]
INFO: [ app_init ] --END-- [ RunTime:0.000380s ]
ERR: 无法加载模块:系统管理

[ 2016-08-10T10:26:25+08:00 ] ::1 /happy/%E7%B3%BB%E7%BB%9F%E7%AE%A1%E7%90%86/admin_music.html
INFO: [ app_init ] --START--
INFO: Run Behavior\BuildLiteBehavior [ RunTime:0.000010s ]
INFO: [ app_init ] --END-- [ RunTime:0.000387s ]
ERR: 无法加载模块:系统管理

[ 2016-08-10T10:26:26+08:00 ] ::1 /happy/%E7%B3%BB%E7%BB%9F%E7%AE%A1%E7%90%86/admin_cardTemplate.html
INFO: [ app_init ] --START--
INFO: Run Behavior\BuildLiteBehavior [ RunTime:0.000009s ]
INFO: [ app_init ] --END-- [ RunTime:0.000417s ]
ERR: 无法加载模块:系统管理

[ 2016-08-10T10:27:07+08:00 ] ::1 /happy/%E7%B3%BB%E7%BB%9F%E7%AE%A1%E7%90%86/config.html
INFO: [ app_init ] --START--
INFO: Run Behavior\BuildLiteBehavior [ RunTime:0.000009s ]
INFO: [ app_init ] --END-- [ RunTime:0.000386s ]
ERR: 无法加载模块:系统管理

[ 2016-08-10T10:27:08+08:00 ] ::1 /happy/%E7%B3%BB%E7%BB%9F%E7%AE%A1%E7%90%86/admin_music.html
INFO: [ app_init ] --START--
INFO: Run Behavior\BuildLiteBehavior [ RunTime:0.000010s ]
INFO: [ app_init ] --END-- [ RunTime:0.000333s ]
ERR: 无法加载模块:系统管理

[ 2016-08-10T10:29:49+08:00 ] ::1 //happy/%E7%B3%BB%E7%BB%9F%E7%AE%A1%E7%90%86/config.html
INFO: [ app_init ] --START--
INFO: Run Behavior\BuildLiteBehavior [ RunTime:0.000009s ]
INFO: [ app_init ] --END-- [ RunTime:0.000616s ]
ERR: 无法加载模块:系统管理

[ 2016-08-10T10:29:51+08:00 ] ::1 //happy/%E7%B3%BB%E7%BB%9F%E7%AE%A1%E7%90%86/admin_music.html
INFO: [ app_init ] --START--
INFO: Run Behavior\BuildLiteBehavior [ RunTime:0.000009s ]
INFO: [ app_init ] --END-- [ RunTime:0.000537s ]
ERR: 无法加载模块:系统管理

[ 2016-08-10T10:33:46+08:00 ] ::1 //happy/%E7%B3%BB%E7%BB%9F%E7%AE%A1%E7%90%86/config.html
INFO: [ app_init ] --START--
INFO: Run Behavior\BuildLiteBehavior [ RunTime:0.000010s ]
INFO: [ app_init ] --END-- [ RunTime:0.000392s ]
ERR: 无法加载模块:系统管理

[ 2016-08-10T10:35:01+08:00 ] ::1 //happy/%E7%B3%BB%E7%BB%9F%E7%AE%A1%E7%90%86/admin_music.html
INFO: [ app_init ] --START--
INFO: Run Behavior\BuildLiteBehavior [ RunTime:0.000010s ]
INFO: [ app_init ] --END-- [ RunTime:0.000352s ]
ERR: 无法加载模块:系统管理

[ 2016-08-10T10:35:01+08:00 ] ::1 //happy/%E7%B3%BB%E7%BB%9F%E7%AE%A1%E7%90%86/admin_cardTemplate.html
INFO: [ app_init ] --START--
INFO: Run Behavior\BuildLiteBehavior [ RunTime:0.000022s ]
INFO: [ app_init ] --END-- [ RunTime:0.000848s ]
ERR: 无法加载模块:系统管理

[ 2016-08-10T10:36:47+08:00 ] ::1 //happy/%E7%B3%BB%E7%BB%9F%E7%AE%A1%E7%90%86/admin_music.html
INFO: [ app_init ] --START--
INFO: Run Behavior\BuildLiteBehavior [ RunTime:0.000012s ]
INFO: [ app_init ] --END-- [ RunTime:0.000463s ]
ERR: 无法加载模块:系统管理

[ 2016-08-10T10:36:52+08:00 ] ::1 //happy/%E4%BF%A1%E6%81%AF%E7%AE%A1%E7%90%86/article_manage.html
INFO: [ app_init ] --START--
INFO: Run Behavior\BuildLiteBehavior [ RunTime:0.000009s ]
INFO: [ app_init ] --END-- [ RunTime:0.000342s ]
ERR: 无法加载模块:信息管理

[ 2016-08-10T10:36:55+08:00 ] ::1 //happy/%E7%B3%BB%E7%BB%9F%E7%AE%A1%E7%90%86/config.html
INFO: [ app_init ] --START--
INFO: Run Behavior\BuildLiteBehavior [ RunTime:0.000010s ]
INFO: [ app_init ] --END-- [ RunTime:0.000605s ]
ERR: 无法加载模块:系统管理

[ 2016-08-10T10:36:55+08:00 ] ::1 //happy/%E7%B3%BB%E7%BB%9F%E7%AE%A1%E7%90%86/admin_music.html
INFO: [ app_init ] --START--
INFO: Run Behavior\BuildLiteBehavior [ RunTime:0.000011s ]
INFO: [ app_init ] --END-- [ RunTime:0.000342s ]
ERR: 无法加载模块:系统管理

[ 2016-08-10T10:36:57+08:00 ] ::1 //happy/%E7%B3%BB%E7%BB%9F%E7%AE%A1%E7%90%86/config.html
INFO: [ app_init ] --START--
INFO: Run Behavior\BuildLiteBehavior [ RunTime:0.000024s ]
INFO: [ app_init ] --END-- [ RunTime:0.000444s ]
ERR: 无法加载模块:系统管理

[ 2016-08-10T10:48:34+08:00 ] ::1 //happy/%E7%B3%BB%E7%BB%9F%E7%AE%A1%E7%90%86/admin_music.html
INFO: [ app_init ] --START--
INFO: Run Behavior\BuildLiteBehavior [ RunTime:0.000012s ]
INFO: [ app_init ] --END-- [ RunTime:0.000467s ]
ERR: 无法加载模块:系统管理

[ 2016-08-10T10:48:34+08:00 ] ::1 //happy/%E7%B3%BB%E7%BB%9F%E7%AE%A1%E7%90%86/admin_cardTemplate.html
INFO: [ app_init ] --START--
INFO: Run Behavior\BuildLiteBehavior [ RunTime:0.000011s ]
INFO: [ app_init ] --END-- [ RunTime:0.000368s ]
ERR: 无法加载模块:系统管理

[ 2016-08-10T10:48:35+08:00 ] ::1 //happy/%E7%B3%BB%E7%BB%9F%E7%AE%A1%E7%90%86/index_tj.html
INFO: [ app_init ] --START--
INFO: Run Behavior\BuildLiteBehavior [ RunTime:0.000014s ]
INFO: [ app_init ] --END-- [ RunTime:0.000342s ]
ERR: 无法加载模块:系统管理

[ 2016-08-10T10:48:37+08:00 ] ::1 //happy/%E4%BF%A1%E6%81%AF%E7%AE%A1%E7%90%86/cate_manage.html
INFO: [ app_init ] --START--
INFO: Run Behavior\BuildLiteBehavior [ RunTime:0.000011s ]
INFO: [ app_init ] --END-- [ RunTime:0.000372s ]
ERR: 无法加载模块:信息管理

[ 2016-08-10T10:48:37+08:00 ] ::1 //happy/%E4%BF%A1%E6%81%AF%E7%AE%A1%E7%90%86/article_manage.html
INFO: [ app_init ] --START--
INFO: Run Behavior\BuildLiteBehavior [ RunTime:0.000011s ]
INFO: [ app_init ] --END-- [ RunTime:0.000356s ]
ERR: 无法加载模块:信息管理

[ 2016-08-10T10:49:28+08:00 ] ::1 //happy/%E7%B3%BB%E7%BB%9F%E7%AE%A1%E7%90%86/config.html
INFO: [ app_init ] --START--
INFO: Run Behavior\BuildLiteBehavior [ RunTime:0.000009s ]
INFO: [ app_init ] --END-- [ RunTime:0.000313s ]
ERR: 无法加载模块:系统管理

[ 2016-08-10T10:50:15+08:00 ] ::1 //happy/%E7%B3%BB%E7%BB%9F%E7%AE%A1%E7%90%86/config.html
INFO: [ app_init ] --START--
INFO: Run Behavior\BuildLiteBehavior [ RunTime:0.000008s ]
INFO: [ app_init ] --END-- [ RunTime:0.000302s ]
ERR: 无法加载模块:系统管理

[ 2016-08-10T10:50:16+08:00 ] ::1 //happy/%E7%B3%BB%E7%BB%9F%E7%AE%A1%E7%90%86/admin_music.html
INFO: [ app_init ] --START--
INFO: Run Behavior\BuildLiteBehavior [ RunTime:0.000010s ]
INFO: [ app_init ] --END-- [ RunTime:0.000366s ]
ERR: 无法加载模块:系统管理

[ 2016-08-10T10:54:55+08:00 ] ::1 //happy/%E7%B3%BB%E7%BB%9F%E7%AE%A1%E7%90%86/admin_music.html
INFO: [ app_init ] --START--
INFO: Run Behavior\BuildLiteBehavior [ RunTime:0.000010s ]
INFO: [ app_init ] --END-- [ RunTime:0.000352s ]
ERR: 无法加载模块:系统管理

[ 2016-08-10T10:54:56+08:00 ] ::1 //happy/%E7%B3%BB%E7%BB%9F%E7%AE%A1%E7%90%86/admin_cardTemplate.html
INFO: [ app_init ] --START--
INFO: Run Behavior\BuildLiteBehavior [ RunTime:0.000012s ]
INFO: [ app_init ] --END-- [ RunTime:0.000415s ]
ERR: 无法加载模块:系统管理

[ 2016-08-10T10:54:56+08:00 ] ::1 //happy/%E7%B3%BB%E7%BB%9F%E7%AE%A1%E7%90%86/index_tj.html
INFO: [ app_init ] --START--
INFO: Run Behavior\BuildLiteBehavior [ RunTime:0.000010s ]
INFO: [ app_init ] --END-- [ RunTime:0.000378s ]
ERR: 无法加载模块:系统管理

[ 2016-08-10T10:58:21+08:00 ] ::1 //happy/%E7%B3%BB%E7%BB%9F%E7%AE%A1%E7%90%86/config.html
INFO: [ app_init ] --START--
INFO: Run Behavior\BuildLiteBehavior [ RunTime:0.000011s ]
INFO: [ app_init ] --END-- [ RunTime:0.000463s ]
ERR: 无法加载模块:系统管理

[ 2016-08-10T10:58:27+08:00 ] ::1 //happy/%E7%B3%BB%E7%BB%9F%E7%AE%A1%E7%90%86/config.html
INFO: [ app_init ] --START--
INFO: Run Behavior\BuildLiteBehavior [ RunTime:0.000010s ]
INFO: [ app_init ] --END-- [ RunTime:0.000330s ]
ERR: 无法加载模块:系统管理

[ 2016-08-10T10:58:28+08:00 ] ::1 //happy/%E7%B3%BB%E7%BB%9F%E7%AE%A1%E7%90%86/admin_music.html
INFO: [ app_init ] --START--
INFO: Run Behavior\BuildLiteBehavior [ RunTime:0.000008s ]
INFO: [ app_init ] --END-- [ RunTime:0.000320s ]
ERR: 无法加载模块:系统管理

[ 2016-08-10T10:58:31+08:00 ] ::1 //happy/%E7%B3%BB%E7%BB%9F%E7%AE%A1%E7%90%86/admin_cardTemplate.html
INFO: [ app_init ] --START--
INFO: Run Behavior\BuildLiteBehavior [ RunTime:0.000008s ]
INFO: [ app_init ] --END-- [ RunTime:0.000424s ]
ERR: 无法加载模块:系统管理

[ 2016-08-10T10:58:33+08:00 ] ::1 //happy/%E7%B3%BB%E7%BB%9F%E7%AE%A1%E7%90%86/index_tj.html
INFO: [ app_init ] --START--
INFO: Run Behavior\BuildLiteBehavior [ RunTime:0.000010s ]
INFO: [ app_init ] --END-- [ RunTime:0.000406s ]
ERR: 无法加载模块:系统管理

[ 2016-08-10T11:05:06+08:00 ] ::1 //happy/%E7%B3%BB%E7%BB%9F%E7%AE%A1%E7%90%86/config.html
INFO: [ app_init ] --START--
INFO: Run Behavior\BuildLiteBehavior [ RunTime:0.000011s ]
INFO: [ app_init ] --END-- [ RunTime:0.000353s ]
ERR: 无法加载模块:系统管理

[ 2016-08-10T11:05:07+08:00 ] ::1 //happy/%E7%B3%BB%E7%BB%9F%E7%AE%A1%E7%90%86/admin_music.html
INFO: [ app_init ] --START--
INFO: Run Behavior\BuildLiteBehavior [ RunTime:0.000009s ]
INFO: [ app_init ] --END-- [ RunTime:0.000329s ]
ERR: 无法加载模块:系统管理

[ 2016-08-10T11:05:10+08:00 ] ::1 //happy/%E4%BF%A1%E6%81%AF%E7%AE%A1%E7%90%86/cate_manage.html
INFO: [ app_init ] --START--
INFO: Run Behavior\BuildLiteBehavior [ RunTime:0.000009s ]
INFO: [ app_init ] --END-- [ RunTime:0.000319s ]
ERR: 无法加载模块:信息管理

[ 2016-08-10T11:05:11+08:00 ] ::1 //happy/%E4%BF%A1%E6%81%AF%E7%AE%A1%E7%90%86/article_add.html
INFO: [ app_init ] --START--
INFO: Run Behavior\BuildLiteBehavior [ RunTime:0.000010s ]
INFO: [ app_init ] --END-- [ RunTime:0.000349s ]
ERR: 无法加载模块:信息管理

[ 2016-08-10T11:05:14+08:00 ] ::1 //happy/%E4%BF%A1%E6%81%AF%E7%AE%A1%E7%90%86/article_manage.html
INFO: [ app_init ] --START--
INFO: Run Behavior\BuildLiteBehavior [ RunTime:0.000011s ]
INFO: [ app_init ] --END-- [ RunTime:0.000372s ]
ERR: 无法加载模块:信息管理

[ 2016-08-10T11:05:15+08:00 ] ::1 //happy/%E4%BF%A1%E6%81%AF%E7%AE%A1%E7%90%86/article_add.html
INFO: [ app_init ] --START--
INFO: Run Behavior\BuildLiteBehavior [ RunTime:0.000009s ]
INFO: [ app_init ] --END-- [ RunTime:0.000331s ]
ERR: 无法加载模块:信息管理

[ 2016-08-10T11:05:16+08:00 ] ::1 //happy/%E4%BF%A1%E6%81%AF%E7%AE%A1%E7%90%86/cate_manage.html
INFO: [ app_init ] --START--
INFO: Run Behavior\BuildLiteBehavior [ RunTime:0.000012s ]
INFO: [ app_init ] --END-- [ RunTime:0.000572s ]
ERR: 无法加载模块:信息管理

[ 2016-08-10T11:05:50+08:00 ] ::1 //happy/%E7%B3%BB%E7%BB%9F%E7%AE%A1%E7%90%86/config.html
INFO: [ app_init ] --START--
INFO: Run Behavior\BuildLiteBehavior [ RunTime:0.000009s ]
INFO: [ app_init ] --END-- [ RunTime:0.000415s ]
ERR: 无法加载模块:系统管理

[ 2016-08-10T16:11:09+08:00 ] ::1 //happy/inde.php/admin
INFO: [ app_init ] --START--
INFO: Run Behavior\BuildLiteBehavior [ RunTime:0.000010s ]
INFO: [ app_init ] --END-- [ RunTime:0.000576s ]
ERR: 无法加载模块:Inde.php

